[0.024s] Invoking command in '/home/sakif/ros2_ws/build/my_robot_bringup': CMAKE_PREFIX_PATH=${CMAKE_PREFIX_PATH}:/home/sakif/ros2_ws/install/my_py_pkg:/opt/ros/humble /usr/bin/cmake /home/sakif/ros2_ws/src/my_robot_bringup -DAMENT_CMAKE_SYMLINK_INSTALL=1 -DCMAKE_INSTALL_PREFIX=/home/sakif/ros2_ws/install/my_robot_bringup
[0.159s] -- The C compiler identification is GNU 11.4.0
[0.269s] -- The CXX compiler identification is GNU 11.4.0
[0.279s] -- Detecting C compiler ABI info
[0.427s] -- Detecting C compiler ABI info - done
[0.433s] -- Check for working C compiler: /usr/bin/cc - skipped
[0.433s] -- Detecting C compile features
[0.434s] -- Detecting C compile features - done
[0.439s] -- Detecting CXX compiler ABI info
[0.581s] -- Detecting CXX compiler ABI info - done
[0.589s] -- Check for working CXX compiler: /usr/bin/c++ - skipped
[0.589s] -- Detecting CXX compile features
[0.590s] -- Detecting CXX compile features - done
[0.592s] -- Found ament_cmake: 1.3.10 (/opt/ros/humble/share/ament_cmake/cmake)
[0.799s] -- Found Python3: /usr/bin/python3 (found version "3.10.12") found components: Interpreter 
[0.873s] -- Override CMake install command with custom implementation using symlinks instead of copying resources
[0.986s] -- Configuring done
[0.992s] -- Generating done
[0.993s] -- Build files have been written to: /home/sakif/ros2_ws/build/my_robot_bringup
[1.001s] Invoked command in '/home/sakif/ros2_ws/build/my_robot_bringup' returned '0': CMAKE_PREFIX_PATH=${CMAKE_PREFIX_PATH}:/home/sakif/ros2_ws/install/my_py_pkg:/opt/ros/humble /usr/bin/cmake /home/sakif/ros2_ws/src/my_robot_bringup -DAMENT_CMAKE_SYMLINK_INSTALL=1 -DCMAKE_INSTALL_PREFIX=/home/sakif/ros2_ws/install/my_robot_bringup
[1.002s] Invoking command in '/home/sakif/ros2_ws/build/my_robot_bringup': CMAKE_PREFIX_PATH=${CMAKE_PREFIX_PATH}:/home/sakif/ros2_ws/install/my_py_pkg:/opt/ros/humble /usr/bin/cmake --build /home/sakif/ros2_ws/build/my_robot_bringup -- -j4 -l4
[1.075s] Invoked command in '/home/sakif/ros2_ws/build/my_robot_bringup' returned '0': CMAKE_PREFIX_PATH=${CMAKE_PREFIX_PATH}:/home/sakif/ros2_ws/install/my_py_pkg:/opt/ros/humble /usr/bin/cmake --build /home/sakif/ros2_ws/build/my_robot_bringup -- -j4 -l4
[1.146s] Invoking command in '/home/sakif/ros2_ws/build/my_robot_bringup': CMAKE_PREFIX_PATH=${CMAKE_PREFIX_PATH}:/home/sakif/ros2_ws/install/my_py_pkg:/opt/ros/humble /usr/bin/cmake --install /home/sakif/ros2_ws/build/my_robot_bringup
[1.156s] -- Install configuration: ""
[1.157s] -- Execute custom install script
[1.157s] -- Symlinking: /home/sakif/ros2_ws/install/my_robot_bringup/share/my_robot_bringup/launch/number_app.launch.py
[1.180s] -- Symlinking: /home/sakif/ros2_ws/install/my_robot_bringup/share/ament_index/resource_index/package_run_dependencies/my_robot_bringup
[1.196s] -- Symlinking: /home/sakif/ros2_ws/install/my_robot_bringup/share/ament_index/resource_index/parent_prefix_path/my_robot_bringup
[1.210s] -- Symlinking: /home/sakif/ros2_ws/install/my_robot_bringup/share/my_robot_bringup/environment/ament_prefix_path.sh
[1.227s] -- Symlinking: /home/sakif/ros2_ws/install/my_robot_bringup/share/my_robot_bringup/environment/ament_prefix_path.dsv
[1.241s] -- Symlinking: /home/sakif/ros2_ws/install/my_robot_bringup/share/my_robot_bringup/environment/path.sh
[1.262s] -- Symlinking: /home/sakif/ros2_ws/install/my_robot_bringup/share/my_robot_bringup/environment/path.dsv
[1.277s] -- Symlinking: /home/sakif/ros2_ws/install/my_robot_bringup/share/my_robot_bringup/local_setup.bash
[1.293s] -- Symlinking: /home/sakif/ros2_ws/install/my_robot_bringup/share/my_robot_bringup/local_setup.sh
[1.308s] -- Symlinking: /home/sakif/ros2_ws/install/my_robot_bringup/share/my_robot_bringup/local_setup.zsh
[1.322s] -- Symlinking: /home/sakif/ros2_ws/install/my_robot_bringup/share/my_robot_bringup/local_setup.dsv
[1.336s] -- Symlinking: /home/sakif/ros2_ws/install/my_robot_bringup/share/my_robot_bringup/package.dsv
[1.354s] -- Symlinking: /home/sakif/ros2_ws/install/my_robot_bringup/share/ament_index/resource_index/packages/my_robot_bringup
[1.376s] -- Symlinking: /home/sakif/ros2_ws/install/my_robot_bringup/share/my_robot_bringup/cmake/my_robot_bringupConfig.cmake
[1.389s] -- Symlinking: /home/sakif/ros2_ws/install/my_robot_bringup/share/my_robot_bringup/cmake/my_robot_bringupConfig-version.cmake
[1.403s] -- Symlinking: /home/sakif/ros2_ws/install/my_robot_bringup/share/my_robot_bringup/package.xml
[1.422s] Invoked command in '/home/sakif/ros2_ws/build/my_robot_bringup' returned '0': CMAKE_PREFIX_PATH=${CMAKE_PREFIX_PATH}:/home/sakif/ros2_ws/install/my_py_pkg:/opt/ros/humble /usr/bin/cmake --install /home/sakif/ros2_ws/build/my_robot_bringup
