[1.271s] Invoking command in '/home/sakif/ros2_ws/src/my_py_pkg': PYTHONPATH=/home/sakif/ros2_ws/src/build/my_py_pkg/prefix_override:/usr/lib/python3/dist-packages/colcon_core/task/python/colcon_distutils_commands:/home/sakif/ros2_ws/src/install/my_py_pkg/lib/python3.10/site-packages:${PYTHONPATH} /usr/bin/python3 -W ignore:setup.py install is deprecated setup.py egg_info --egg-base ../build/my_py_pkg build --build-base /home/sakif/ros2_ws/src/build/my_py_pkg/build install --record /home/sakif/ros2_ws/src/build/my_py_pkg/install.log --single-version-externally-managed install_data
[1.626s] running egg_info
[1.627s] creating ../build/my_py_pkg/my_py_pkg.egg-info
[1.627s] writing ../build/my_py_pkg/my_py_pkg.egg-info/PKG-INFO
[1.628s] writing dependency_links to ../build/my_py_pkg/my_py_pkg.egg-info/dependency_links.txt
[1.629s] writing entry points to ../build/my_py_pkg/my_py_pkg.egg-info/entry_points.txt
[1.629s] writing requirements to ../build/my_py_pkg/my_py_pkg.egg-info/requires.txt
[1.629s] writing top-level names to ../build/my_py_pkg/my_py_pkg.egg-info/top_level.txt
[1.630s] writing manifest file '../build/my_py_pkg/my_py_pkg.egg-info/SOURCES.txt'
[1.631s] reading manifest file '../build/my_py_pkg/my_py_pkg.egg-info/SOURCES.txt'
[1.632s] writing manifest file '../build/my_py_pkg/my_py_pkg.egg-info/SOURCES.txt'
[1.633s] running build
[1.633s] running build_py
[1.633s] creating /home/sakif/ros2_ws/src/build/my_py_pkg/build
[1.634s] creating /home/sakif/ros2_ws/src/build/my_py_pkg/build/lib
[1.634s] creating /home/sakif/ros2_ws/src/build/my_py_pkg/build/lib/my_py_pkg
[1.634s] copying my_py_pkg/__init__.py -> /home/sakif/ros2_ws/src/build/my_py_pkg/build/lib/my_py_pkg
[1.634s] running install
[1.635s] running install_lib
[1.635s] creating /home/sakif/ros2_ws/src/install/my_py_pkg/lib/python3.10/site-packages/my_py_pkg
[1.636s] copying /home/sakif/ros2_ws/src/build/my_py_pkg/build/lib/my_py_pkg/__init__.py -> /home/sakif/ros2_ws/src/install/my_py_pkg/lib/python3.10/site-packages/my_py_pkg
[1.637s] byte-compiling /home/sakif/ros2_ws/src/install/my_py_pkg/lib/python3.10/site-packages/my_py_pkg/__init__.py to __init__.cpython-310.pyc
[1.637s] running install_data
[1.637s] creating /home/sakif/ros2_ws/src/install/my_py_pkg/share/ament_index
[1.637s] creating /home/sakif/ros2_ws/src/install/my_py_pkg/share/ament_index/resource_index
[1.637s] creating /home/sakif/ros2_ws/src/install/my_py_pkg/share/ament_index/resource_index/packages
[1.637s] copying resource/my_py_pkg -> /home/sakif/ros2_ws/src/install/my_py_pkg/share/ament_index/resource_index/packages
[1.638s] copying package.xml -> /home/sakif/ros2_ws/src/install/my_py_pkg/share/my_py_pkg
[1.638s] running install_egg_info
[1.640s] Copying ../build/my_py_pkg/my_py_pkg.egg-info to /home/sakif/ros2_ws/src/install/my_py_pkg/lib/python3.10/site-packages/my_py_pkg-0.0.0-py3.10.egg-info
[1.642s] running install_scripts
[1.672s] writing list of installed files to '/home/sakif/ros2_ws/src/build/my_py_pkg/install.log'
[1.727s] Invoked command in '/home/sakif/ros2_ws/src/my_py_pkg' returned '0': PYTHONPATH=/home/sakif/ros2_ws/src/build/my_py_pkg/prefix_override:/usr/lib/python3/dist-packages/colcon_core/task/python/colcon_distutils_commands:/home/sakif/ros2_ws/src/install/my_py_pkg/lib/python3.10/site-packages:${PYTHONPATH} /usr/bin/python3 -W ignore:setup.py install is deprecated setup.py egg_info --egg-base ../build/my_py_pkg build --build-base /home/sakif/ros2_ws/src/build/my_py_pkg/build install --record /home/sakif/ros2_ws/src/build/my_py_pkg/install.log --single-version-externally-managed install_data
