[0.861s] Invoking command in '/home/sakif/ros2_ws/build/my_py_pkg': PYTHONPATH=/home/sakif/ros2_ws/build/my_py_pkg/prefix_override:/usr/lib/python3/dist-packages/colcon_core/task/python/colcon_distutils_commands:/home/sakif/ros2_ws/install/my_py_pkg/lib/python3.10/site-packages:${PYTHONPATH} /usr/bin/python3 -W ignore:setup.py install is deprecated setup.py develop --editable --build-directory /home/sakif/ros2_ws/build/my_py_pkg/build --no-deps symlink_data
[1.093s] running develop
[1.292s] running egg_info
[1.292s] writing my_py_pkg.egg-info/PKG-INFO
[1.293s] writing dependency_links to my_py_pkg.egg-info/dependency_links.txt
[1.294s] writing entry points to my_py_pkg.egg-info/entry_points.txt
[1.294s] writing requirements to my_py_pkg.egg-info/requires.txt
[1.295s] writing top-level names to my_py_pkg.egg-info/top_level.txt
[1.298s] reading manifest file 'my_py_pkg.egg-info/SOURCES.txt'
[1.300s] writing manifest file 'my_py_pkg.egg-info/SOURCES.txt'
[1.302s] running build_ext
[1.302s] Creating /home/sakif/ros2_ws/install/my_py_pkg/lib/python3.10/site-packages/my-py-pkg.egg-link (link to .)
[1.303s] Installing add_two_ints_client_no_oop script to /home/sakif/ros2_ws/install/my_py_pkg/lib/my_py_pkg
[1.304s] Installing add_two_ints_client_oop script to /home/sakif/ros2_ws/install/my_py_pkg/lib/my_py_pkg
[1.304s] Installing add_two_ints_server script to /home/sakif/ros2_ws/install/my_py_pkg/lib/my_py_pkg
[1.304s] Installing hw_status_publisher script to /home/sakif/ros2_ws/install/my_py_pkg/lib/my_py_pkg
[1.305s] Installing led_panel script to /home/sakif/ros2_ws/install/my_py_pkg/lib/my_py_pkg
[1.305s] Installing number_counter script to /home/sakif/ros2_ws/install/my_py_pkg/lib/my_py_pkg
[1.305s] Installing number_counter_client script to /home/sakif/ros2_ws/install/my_py_pkg/lib/my_py_pkg
[1.305s] Installing number_publisher script to /home/sakif/ros2_ws/install/my_py_pkg/lib/my_py_pkg
[1.305s] Installing py_node script to /home/sakif/ros2_ws/install/my_py_pkg/lib/my_py_pkg
[1.306s] Installing robot_news_station script to /home/sakif/ros2_ws/install/my_py_pkg/lib/my_py_pkg
[1.306s] Installing smartphone script to /home/sakif/ros2_ws/install/my_py_pkg/lib/my_py_pkg
[1.306s] 
[1.306s] Installed /home/sakif/ros2_ws/build/my_py_pkg
[1.307s] running symlink_data
[1.351s] Invoked command in '/home/sakif/ros2_ws/build/my_py_pkg' returned '0': PYTHONPATH=/home/sakif/ros2_ws/build/my_py_pkg/prefix_override:/usr/lib/python3/dist-packages/colcon_core/task/python/colcon_distutils_commands:/home/sakif/ros2_ws/install/my_py_pkg/lib/python3.10/site-packages:${PYTHONPATH} /usr/bin/python3 -W ignore:setup.py install is deprecated setup.py develop --editable --build-directory /home/sakif/ros2_ws/build/my_py_pkg/build --no-deps symlink_data
