[0.657s] Invoking command in '/home/sakif/ros2_ws/src/my_py_pkg': PYTHONPATH=/home/sakif/ros2_ws/src/build/my_py_pkg/prefix_override:/usr/lib/python3/dist-packages/colcon_core/task/python/colcon_distutils_commands:/home/sakif/ros2_ws/src/install/my_py_pkg/lib/python3.10/site-packages:${PYTHONPATH} /usr/bin/python3 -W ignore:setup.py install is deprecated setup.py egg_info --egg-base ../build/my_py_pkg build --build-base /home/sakif/ros2_ws/src/build/my_py_pkg/build install --record /home/sakif/ros2_ws/src/build/my_py_pkg/install.log --single-version-externally-managed install_data
[0.974s] running egg_info
[0.975s] writing ../build/my_py_pkg/my_py_pkg.egg-info/PKG-INFO
[0.976s] writing dependency_links to ../build/my_py_pkg/my_py_pkg.egg-info/dependency_links.txt
[0.978s] writing entry points to ../build/my_py_pkg/my_py_pkg.egg-info/entry_points.txt
[0.978s] writing requirements to ../build/my_py_pkg/my_py_pkg.egg-info/requires.txt
[0.978s] writing top-level names to ../build/my_py_pkg/my_py_pkg.egg-info/top_level.txt
[0.995s] reading manifest file '../build/my_py_pkg/my_py_pkg.egg-info/SOURCES.txt'
[0.999s] writing manifest file '../build/my_py_pkg/my_py_pkg.egg-info/SOURCES.txt'
[0.999s] running build
[1.002s] running build_py
[1.002s] running install
[1.002s] running install_lib
[1.014s] running install_data
[1.014s] running install_egg_info
[1.017s] removing '/home/sakif/ros2_ws/src/install/my_py_pkg/lib/python3.10/site-packages/my_py_pkg-0.0.0-py3.10.egg-info' (and everything under it)
[1.018s] Copying ../build/my_py_pkg/my_py_pkg.egg-info to /home/sakif/ros2_ws/src/install/my_py_pkg/lib/python3.10/site-packages/my_py_pkg-0.0.0-py3.10.egg-info
[1.021s] running install_scripts
[1.069s] writing list of installed files to '/home/sakif/ros2_ws/src/build/my_py_pkg/install.log'
[1.157s] Invoked command in '/home/sakif/ros2_ws/src/my_py_pkg' returned '0': PYTHONPATH=/home/sakif/ros2_ws/src/build/my_py_pkg/prefix_override:/usr/lib/python3/dist-packages/colcon_core/task/python/colcon_distutils_commands:/home/sakif/ros2_ws/src/install/my_py_pkg/lib/python3.10/site-packages:${PYTHONPATH} /usr/bin/python3 -W ignore:setup.py install is deprecated setup.py egg_info --egg-base ../build/my_py_pkg build --build-base /home/sakif/ros2_ws/src/build/my_py_pkg/build install --record /home/sakif/ros2_ws/src/build/my_py_pkg/install.log --single-version-externally-managed install_data
